<?xml version="1.0" encoding="UTF-8"?>
<testsuite xmlns:xsi="http://www.w3.org/2001/XMLSchema-instance" xsi:noNamespaceSchemaLocation="https://maven.apache.org/surefire/maven-failsafe-plugin/xsd/failsafe-test-report.xsd" name="integration.AddressResolverIT" time="1.601" tests="2" errors="0" skipped="0" failures="0">
  <properties>
[...]
</properties>
  <testcase name="whenBadCoordidates_thenReturnNoValidAddress" classname="integration.AddressResolverIT" time="1.337"/>
  <testcase name="whenResolveAlboiGps_returnCaisAlboiAddress" classname="integration.AddressResolverIT" time="0.256"/>
</testsuite>