<?xml version="1.0" encoding="UTF-8"?>
<testsuite xmlns:xsi="http://www.w3.org/2001/XMLSchema-instance" xsi:noNamespaceSchemaLocation="https://maven.apache.org/surefire/maven-surefire-plugin/xsd/surefire-test-report.xsd" name="CucumberTest" time="7.597" tests="2" errors="2" skipped="0" failures="0">
  <properties>
[...]
</properties>
  <testcase name="Choose departure and destination cities" classname="io.github.bonigarcia.CucumberTest" time="7.376">
    <error type="java.lang.NullPointerException">java.lang.NullPointerException
</error>
    <system-out><![CDATA[2022-04-12 09:32:55 [main] DEBUG i.g.b.wdm.cache.ResolutionCache.checkKeyInResolutionCache(186) - Resolution firefox=98 in cache (valid until 10:27:28 12/04/2022 BST)
2022-04-12 09:32:55 [main] DEBUG i.g.b.wdm.cache.ResolutionCache.checkKeyInResolutionCache(186) - Resolution firefox98=0.30.0 in cache (valid until 09:27:28 13/04/2022 BST)
2022-04-12 09:32:55 [main] INFO  i.g.bonigarcia.wdm.WebDriverManager.resolveDriverVersion(1093) - Using geckodriver 0.30.0 (resolved driver for Firefox 98)
2022-04-12 09:32:55 [main] DEBUG i.g.bonigarcia.wdm.WebDriverManager.manage(1049) - Driver geckodriver 0.30.0 found in cache
2022-04-12 09:32:55 [main] INFO  i.g.bonigarcia.wdm.WebDriverManager.exportDriver(1148) - Exporting webdriver.gecko.driver as C:\Users\ASUS\.cache\selenium\geckodriver\win64\0.30.0\geckodriver.exe
]]></system-out>
    <system-err><![CDATA[1649752375912	geckodriver	INFO	Listening on 127.0.0.1:55804
1649752377538	mozrunner::runner	INFO	Running command: "C:\\Program Files (x86)\\Mozilla Firefox\\firefox.exe" "--marionette" "--remote-debugging-port" "62948" "-no-remote" "-profile" "C:\\Users\\ASUS\\AppData\\Local\\Temp\\rust_mozprofilejBiC8k"
1649752377981	Marionette	INFO	Marionette enabled
console.warn: SearchSettings: "get: No settings file exists, new profile?" (new NotFoundError("Could not open the file at C:\\Users\\ASUS\\AppData\\Local\\Temp\\rust_mozprofilejBiC8k\\search.json.mozlz4", (void 0)))
DevTools listening on ws://localhost:62948/devtools/browser/eee5de9a-170a-4b97-8ebf-70d378c0ecb7
1649752380471	Marionette	INFO	Listening on port 64282
1649752380737	RemoteAgent	WARN	TLS certificate errors will be ignored for this session
abr 12, 2022 9:33:00 DA MANHÃ org.openqa.selenium.remote.ProtocolHandshake createSession
INFO: Detected dialect: W3C
JavaScript error: https://blazedemo.com/assets/bootstrap.min.js, line 7: TypeError: a is not a function
JavaScript error: https://blazedemo.com/assets/bootstrap-table.js, line 1126: ReferenceError: jQuery is not defined
]]></system-err>
  </testcase>
  <testcase name="Choose flight" classname="io.github.bonigarcia.CucumberTest" time="0.019">
    <error type="java.lang.NullPointerException">java.lang.NullPointerException
</error>
  </testcase>
</testsuite>